android/app/build/intermediates/manifest_merge_blame_file/debug/manifest-merger-blame-debug-report.txt
1<?xml version="1.0" encoding="utf-8"?>
2<manifest xmlns:android="http://schemas.android.com/apk/res/android"
3    package="com.dareapp"
4    android:versionCode="1"
5    android:versionName="1.0" >
6
7    <uses-sdk
8        android:minSdkVersion="21"
9        android:targetSdkVersion="33" />
10
11    <uses-permission android:name="android.permission.SYSTEM_ALERT_WINDOW" />
11-->src/debug/AndroidManifest.xml:5:5-77
11-->src/debug/AndroidManifest.xml:5:22-75
12    <uses-permission android:name="android.permission.INTERNET" />
12-->src/main/AndroidManifest.xml:3:5-67
12-->src/main/AndroidManifest.xml:3:22-64
13    <uses-permission android:name="android.permission.ACCESS_WIFI_STATE" /> <!-- Although the *SdkVersion is captured in gradle build files, this is required for non gradle builds -->
13-->[com.facebook.flipper:flipper:0.182.0] AndroidManifest.xml:16:5-76
13-->[com.facebook.flipper:flipper:0.182.0] AndroidManifest.xml:16:22-73
14    <!-- <uses-sdk android:minSdkVersion="14" /> -->
15    <uses-permission android:name="android.permission.ACCESS_NETWORK_STATE" />
15-->[com.google.firebase:firebase-firestore:24.7.1] AndroidManifest.xml:10:5-79
15-->[com.google.firebase:firebase-firestore:24.7.1] AndroidManifest.xml:10:22-76
16
17    <application
17-->src/main/AndroidManifest.xml:5:5-24:19
18        android:name="com.dareapp.MainApplication"
18-->src/main/AndroidManifest.xml:6:7-38
19        android:allowBackup="false"
19-->src/main/AndroidManifest.xml:10:7-34
20        android:appComponentFactory="androidx.core.app.CoreComponentFactory"
20-->[androidx.core:core:1.7.0] AndroidManifest.xml:24:18-86
21        android:debuggable="true"
22        android:icon="@mipmap/ic_launcher"
22-->src/main/AndroidManifest.xml:8:7-41
23        android:label="@string/app_name"
23-->src/main/AndroidManifest.xml:7:7-39
24        android:roundIcon="@mipmap/ic_launcher_round"
24-->src/main/AndroidManifest.xml:9:7-52
25        android:theme="@style/AppTheme"
25-->src/main/AndroidManifest.xml:11:7-38
26        android:usesCleartextTraffic="true" >
26-->src/debug/AndroidManifest.xml:8:9-44
27        <activity
27-->src/debug/AndroidManifest.xml:11:9-111
28            android:name="com.facebook.react.devsupport.DevSettingsActivity"
28-->src/debug/AndroidManifest.xml:11:19-83
29            android:exported="false" />
29-->src/debug/AndroidManifest.xml:11:84-108
30        <activity
30-->src/main/AndroidManifest.xml:12:7-23:18
31            android:name="com.dareapp.MainActivity"
31-->src/main/AndroidManifest.xml:13:9-37
32            android:configChanges="keyboard|keyboardHidden|orientation|screenLayout|screenSize|smallestScreenSize|uiMode"
32-->src/main/AndroidManifest.xml:15:9-118
33            android:exported="true"
33-->src/main/AndroidManifest.xml:18:9-32
34            android:label="@string/app_name"
34-->src/main/AndroidManifest.xml:14:9-41
35            android:launchMode="singleTask"
35-->src/main/AndroidManifest.xml:16:9-40
36            android:windowSoftInputMode="adjustResize" >
36-->src/main/AndroidManifest.xml:17:9-51
37            <intent-filter>
37-->src/main/AndroidManifest.xml:19:9-22:25
38                <action android:name="android.intent.action.MAIN" />
38-->src/main/AndroidManifest.xml:20:13-65
38-->src/main/AndroidManifest.xml:20:21-62
39
40                <category android:name="android.intent.category.LAUNCHER" />
40-->src/main/AndroidManifest.xml:21:13-73
40-->src/main/AndroidManifest.xml:21:23-70
41            </intent-filter>
42        </activity>
43
44        <meta-data
44-->[:react-native-firebase_app] AndroidManifest.xml:9:9-11:36
45            android:name="app_data_collection_default_enabled"
45-->[:react-native-firebase_app] AndroidManifest.xml:10:13-63
46            android:value="true" />
46-->[:react-native-firebase_app] AndroidManifest.xml:11:13-33
47
48        <service
48-->[:react-native-firebase_app] AndroidManifest.xml:13:9-21:19
49            android:name="com.google.firebase.components.ComponentDiscoveryService"
49-->[:react-native-firebase_app] AndroidManifest.xml:14:13-84
50            android:directBootAware="true"
50-->[:react-native-firebase_app] AndroidManifest.xml:15:13-43
51            android:exported="false" >
51-->[:react-native-firebase_app] AndroidManifest.xml:16:13-37
52            <meta-data
52-->[:react-native-firebase_app] AndroidManifest.xml:18:13-20:85
53                android:name="com.google.firebase.components:io.invertase.firebase.app.ReactNativeFirebaseAppRegistrar"
53-->[:react-native-firebase_app] AndroidManifest.xml:19:17-120
54                android:value="com.google.firebase.components.ComponentRegistrar" />
54-->[:react-native-firebase_app] AndroidManifest.xml:20:17-82
55            <meta-data
55-->[com.google.firebase:firebase-firestore:24.7.1] AndroidManifest.xml:17:13-19:85
56                android:name="com.google.firebase.components:com.google.firebase.firestore.FirestoreRegistrar"
56-->[com.google.firebase:firebase-firestore:24.7.1] AndroidManifest.xml:18:17-111
57                android:value="com.google.firebase.components.ComponentRegistrar" />
57-->[com.google.firebase:firebase-firestore:24.7.1] AndroidManifest.xml:19:17-82
58        </service>
59
60        <provider
60-->[:react-native-firebase_app] AndroidManifest.xml:23:9-27:38
61            android:name="io.invertase.firebase.app.ReactNativeFirebaseAppInitProvider"
61-->[:react-native-firebase_app] AndroidManifest.xml:24:13-88
62            android:authorities="com.dareapp.reactnativefirebaseappinitprovider"
62-->[:react-native-firebase_app] AndroidManifest.xml:25:13-86
63            android:exported="false"
63-->[:react-native-firebase_app] AndroidManifest.xml:26:13-37
64            android:initOrder="99" />
64-->[:react-native-firebase_app] AndroidManifest.xml:27:13-35
65        <provider
65-->[com.google.firebase:firebase-common:20.3.3] AndroidManifest.xml:25:9-30:39
66            android:name="com.google.firebase.provider.FirebaseInitProvider"
66-->[com.google.firebase:firebase-common:20.3.3] AndroidManifest.xml:26:13-77
67            android:authorities="com.dareapp.firebaseinitprovider"
67-->[com.google.firebase:firebase-common:20.3.3] AndroidManifest.xml:27:13-72
68            android:directBootAware="true"
68-->[com.google.firebase:firebase-common:20.3.3] AndroidManifest.xml:28:13-43
69            android:exported="false"
69-->[com.google.firebase:firebase-common:20.3.3] AndroidManifest.xml:29:13-37
70            android:initOrder="100" />
70-->[com.google.firebase:firebase-common:20.3.3] AndroidManifest.xml:30:13-36
71
72        <activity
72-->[com.google.android.gms:play-services-auth:20.6.0] AndroidManifest.xml:23:9-27:75
73            android:name="com.google.android.gms.auth.api.signin.internal.SignInHubActivity"
73-->[com.google.android.gms:play-services-auth:20.6.0] AndroidManifest.xml:24:13-93
74            android:excludeFromRecents="true"
74-->[com.google.android.gms:play-services-auth:20.6.0] AndroidManifest.xml:25:13-46
75            android:exported="false"
75-->[com.google.android.gms:play-services-auth:20.6.0] AndroidManifest.xml:26:13-37
76            android:theme="@android:style/Theme.Translucent.NoTitleBar" />
76-->[com.google.android.gms:play-services-auth:20.6.0] AndroidManifest.xml:27:13-72
77        <!--
78            Service handling Google Sign-In user revocation. For apps that do not integrate with
79            Google Sign-In, this service will never be started.
80        -->
81        <service
81-->[com.google.android.gms:play-services-auth:20.6.0] AndroidManifest.xml:33:9-37:51
82            android:name="com.google.android.gms.auth.api.signin.RevocationBoundService"
82-->[com.google.android.gms:play-services-auth:20.6.0] AndroidManifest.xml:34:13-89
83            android:exported="true"
83-->[com.google.android.gms:play-services-auth:20.6.0] AndroidManifest.xml:35:13-36
84            android:permission="com.google.android.gms.auth.api.signin.permission.REVOCATION_NOTIFICATION"
84-->[com.google.android.gms:play-services-auth:20.6.0] AndroidManifest.xml:36:13-107
85            android:visibleToInstantApps="true" />
85-->[com.google.android.gms:play-services-auth:20.6.0] AndroidManifest.xml:37:13-48
86
87        <activity
87-->[com.google.android.gms:play-services-base:18.0.1] AndroidManifest.xml:20:9-22:45
88            android:name="com.google.android.gms.common.api.GoogleApiActivity"
88-->[com.google.android.gms:play-services-base:18.0.1] AndroidManifest.xml:20:19-85
89            android:exported="false"
89-->[com.google.android.gms:play-services-base:18.0.1] AndroidManifest.xml:22:19-43
90            android:theme="@android:style/Theme.Translucent.NoTitleBar" />
90-->[com.google.android.gms:play-services-base:18.0.1] AndroidManifest.xml:21:19-78
91
92        <meta-data
92-->[com.google.android.gms:play-services-basement:18.2.0] AndroidManifest.xml:21:9-23:69
93            android:name="com.google.android.gms.version"
93-->[com.google.android.gms:play-services-basement:18.2.0] AndroidManifest.xml:22:13-58
94            android:value="@integer/google_play_services_version" />
94-->[com.google.android.gms:play-services-basement:18.2.0] AndroidManifest.xml:23:13-66
95
96        <provider
96-->[androidx.emoji2:emoji2:1.0.0] AndroidManifest.xml:26:9-34:20
97            android:name="androidx.startup.InitializationProvider"
97-->[androidx.emoji2:emoji2:1.0.0] AndroidManifest.xml:27:13-67
98            android:authorities="com.dareapp.androidx-startup"
98-->[androidx.emoji2:emoji2:1.0.0] AndroidManifest.xml:28:13-68
99            android:exported="false" >
99-->[androidx.emoji2:emoji2:1.0.0] AndroidManifest.xml:29:13-37
100            <meta-data
100-->[androidx.emoji2:emoji2:1.0.0] AndroidManifest.xml:31:13-33:52
101                android:name="androidx.emoji2.text.EmojiCompatInitializer"
101-->[androidx.emoji2:emoji2:1.0.0] AndroidManifest.xml:32:17-75
102                android:value="androidx.startup" />
102-->[androidx.emoji2:emoji2:1.0.0] AndroidManifest.xml:33:17-49
103            <meta-data
103-->[androidx.lifecycle:lifecycle-process:2.4.0] AndroidManifest.xml:31:13-33:52
104                android:name="androidx.lifecycle.ProcessLifecycleInitializer"
104-->[androidx.lifecycle:lifecycle-process:2.4.0] AndroidManifest.xml:32:17-78
105                android:value="androidx.startup" />
105-->[androidx.lifecycle:lifecycle-process:2.4.0] AndroidManifest.xml:33:17-49
106        </provider>
107
108        <meta-data
108-->[com.facebook.soloader:soloader:0.10.5] AndroidManifest.xml:12:9-14:37
109            android:name="com.facebook.soloader.enabled"
109-->[com.facebook.soloader:soloader:0.10.5] AndroidManifest.xml:13:13-57
110            android:value="false" />
110-->[com.facebook.soloader:soloader:0.10.5] AndroidManifest.xml:14:13-34
111    </application>
112
113</manifest>